<?xml version="1.0" encoding="UTF-8"?>
<testsuite name="TaskTest" tests="6" skipped="0" failures="0" errors="0" timestamp="2015-08-25T04:10:13" hostname="Drea" time="0.664">
  <properties/>
  <testcase name="equals_returnsTrueIfDescriptionsAretheSame" classname="TaskTest" time="0.04"/>
  <testcase name="save_returnTrueIfDescriptionsAretehSame" classname="TaskTest" time="0.124"/>
  <testcase name="save_savesCategoryIdIntoDB_true" classname="TaskTest" time="0.172"/>
  <testcase name="all_emptyAtFirst" classname="TaskTest" time="0.08"/>
  <testcase name="save_assignsIdToObject" classname="TaskTest" time="0.124"/>
  <testcase name="find_findsTaskInDatabase_true" classname="TaskTest" time="0.12"/>
  <system-out><![CDATA[]]></system-out>
  <system-err><![CDATA[]]></system-err>
</testsuite>
