<?xml version="1.0" encoding="UTF-8"?>
<testsuite name="CategoryTest" tests="5" skipped="0" failures="0" errors="0" timestamp="2015-08-25T04:10:13" hostname="Drea" time="0.7">
  <properties/>
  <testcase name="getTasks_retrievesALlTasksFromDatabase_tasksList" classname="CategoryTest" time="0.348"/>
  <testcase name="equals_returnsTrueIfNamesAretheSame" classname="CategoryTest" time="0.04"/>
  <testcase name="all_emptyAtFirst" classname="CategoryTest" time="0.08"/>
  <testcase name="find_findCategoryInDatabase_true" classname="CategoryTest" time="0.112"/>
  <testcase name="save_savesIntoDatabase_true" classname="CategoryTest" time="0.12"/>
  <system-out><![CDATA[]]></system-out>
  <system-err><![CDATA[]]></system-err>
</testsuite>
